Flow report for seq_ckt
Tue Nov 02 13:57:35 2021
Quartus Prime Version 19.1.0 Build 670 09/22/2019 SJ Lite Edition


---------------------
; Table of Contents ;
---------------------
  1. Legal Notice
  2. Flow Summary
  3. Flow Settings
  4. Flow Non-Default Global Settings
  5. Flow Elapsed Time
  6. Flow OS Summary
  7. Flow Log
  8. Flow Messages
  9. Flow Suppressed Messages



----------------
; Legal Notice ;
----------------
Copyright (C) 2019  Intel Corporation. All rights reserved.
Your use of Intel Corporation's design tools, logic functions 
and other software and tools, and any partner logic 
functions, and any output files from any of the foregoing 
(including device programming or simulation files), and any 
associated documentation or information are expressly subject 
to the terms and conditions of the Intel Program License 
Subscription Agreement, the Intel Quartus Prime License Agreement,
the Intel FPGA IP License Agreement, or other applicable license
agreement, including, without limitation, that your use is for
the sole purpose of programming logic devices manufactured by
Intel and sold by Intel or its authorized distributors.  Please
refer to the applicable agreement for further details, at
https://fpgasoftware.intel.com/eula.



+----------------------------------------------------------------------------------+
; Flow Summary                                                                     ;
+------------------------------------+---------------------------------------------+
; Flow Status                        ; Successful - Tue Nov 02 13:57:35 2021       ;
; Quartus Prime Version              ; 19.1.0 Build 670 09/22/2019 SJ Lite Edition ;
; Revision Name                      ; seq_ckt                                     ;
; Top-level Entity Name              ; seq_block_verilog                           ;
; Family                             ; Cyclone IV E                                ;
; Device                             ; EP4CE22F17C6                                ;
; Timing Models                      ; Final                                       ;
; Total logic elements               ; 3 / 22,320 ( < 1 % )                        ;
;     Total combinational functions  ; 3 / 22,320 ( < 1 % )                        ;
;     Dedicated logic registers      ; 3 / 22,320 ( < 1 % )                        ;
; Total registers                    ; 3                                           ;
; Total pins                         ; 4 / 154 ( 3 % )                             ;
; Total virtual pins                 ; 0                                           ;
; Total memory bits                  ; 0 / 608,256 ( 0 % )                         ;
; Embedded Multiplier 9-bit elements ; 0 / 132 ( 0 % )                             ;
; Total PLLs                         ; 0 / 4 ( 0 % )                               ;
+------------------------------------+---------------------------------------------+


+-----------------------------------------+
; Flow Settings                           ;
+-------------------+---------------------+
; Option            ; Setting             ;
+-------------------+---------------------+
; Start date & time ; 11/02/2021 13:57:17 ;
; Main task         ; Compilation         ;
; Revision Name     ; seq_ckt             ;
+-------------------+---------------------+


+-------------------------------------------------------------------------------------------------------------------------------------------------------+
; Flow Non-Default Global Settings                                                                                                                      ;
+--------------------------------------+----------------------------------------+---------------+-------------------+-----------------------------------+
; Assignment Name                      ; Value                                  ; Default Value ; Entity Name       ; Section Id                        ;
+--------------------------------------+----------------------------------------+---------------+-------------------+-----------------------------------+
; COMPILER_SIGNATURE_ID                ; 22862539151864.163584163716376         ; --            ; --                ; --                                ;
; EDA_DESIGN_INSTANCE_NAME             ; NA                                     ; --            ; --                ; seq_ckt_tb                        ;
; EDA_GENERATE_FUNCTIONAL_NETLIST      ; Off                                    ; --            ; --                ; eda_board_design_timing           ;
; EDA_GENERATE_FUNCTIONAL_NETLIST      ; Off                                    ; --            ; --                ; eda_board_design_boundary_scan    ;
; EDA_GENERATE_FUNCTIONAL_NETLIST      ; Off                                    ; --            ; --                ; eda_board_design_signal_integrity ;
; EDA_GENERATE_FUNCTIONAL_NETLIST      ; Off                                    ; --            ; --                ; eda_board_design_symbol           ;
; EDA_NATIVELINK_SIMULATION_TEST_BENCH ; seq_ckt_tb                             ; --            ; --                ; eda_simulation                    ;
; EDA_OUTPUT_DATA_FORMAT               ; Verilog Hdl                            ; --            ; --                ; eda_simulation                    ;
; EDA_SIMULATION_TOOL                  ; ModelSim-Altera (Verilog)              ; <None>        ; --                ; --                                ;
; EDA_TEST_BENCH_ENABLE_STATUS         ; TEST_BENCH_MODE                        ; --            ; --                ; eda_simulation                    ;
; EDA_TEST_BENCH_FILE                  ; simulation/modelsim/seq_ckt_tb.v       ; --            ; --                ; seq_ckt_tb                        ;
; EDA_TEST_BENCH_MODULE_NAME           ; seq_ckt_tb                             ; --            ; --                ; seq_ckt_tb                        ;
; EDA_TEST_BENCH_NAME                  ; seq_ckt_tb                             ; --            ; --                ; eda_simulation                    ;
; EDA_TEST_BENCH_RUN_SIM_FOR           ; 4000 ps                                ; --            ; --                ; seq_ckt_tb                        ;
; EDA_TIME_SCALE                       ; 1 ps                                   ; --            ; --                ; eda_simulation                    ;
; MAX_CORE_JUNCTION_TEMP               ; 85                                     ; --            ; --                ; --                                ;
; MIN_CORE_JUNCTION_TEMP               ; 0                                      ; --            ; --                ; --                                ;
; NOMINAL_CORE_SUPPLY_VOLTAGE          ; 1.2V                                   ; --            ; --                ; --                                ;
; PARTITION_COLOR                      ; -- (Not supported for targeted family) ; --            ; seq_block_verilog ; Top                               ;
; PARTITION_FITTER_PRESERVATION_LEVEL  ; -- (Not supported for targeted family) ; --            ; seq_block_verilog ; Top                               ;
; PARTITION_NETLIST_TYPE               ; -- (Not supported for targeted family) ; --            ; seq_block_verilog ; Top                               ;
; POWER_BOARD_THERMAL_MODEL            ; None (CONSERVATIVE)                    ; --            ; --                ; --                                ;
; POWER_PRESET_COOLING_SOLUTION        ; 23 MM HEAT SINK WITH 200 LFPM AIRFLOW  ; --            ; --                ; --                                ;
; PROJECT_OUTPUT_DIRECTORY             ; output_files                           ; --            ; --                ; --                                ;
; TOP_LEVEL_ENTITY                     ; seq_block_verilog                      ; seq_ckt       ; --                ; --                                ;
+--------------------------------------+----------------------------------------+---------------+-------------------+-----------------------------------+


+--------------------------------------------------------------------------------------------------------------------------+
; Flow Elapsed Time                                                                                                        ;
+----------------------+--------------+-------------------------+---------------------+------------------------------------+
; Module Name          ; Elapsed Time ; Average Processors Used ; Peak Virtual Memory ; Total CPU Time (on all processors) ;
+----------------------+--------------+-------------------------+---------------------+------------------------------------+
; Analysis & Synthesis ; 00:00:09     ; 1.0                     ; 4758 MB             ; 00:00:18                           ;
; Fitter               ; 00:00:03     ; 1.0                     ; 5523 MB             ; 00:00:05                           ;
; Assembler            ; 00:00:01     ; 1.0                     ; 4682 MB             ; 00:00:01                           ;
; Timing Analyzer      ; 00:00:02     ; 1.0                     ; 4782 MB             ; 00:00:01                           ;
; EDA Netlist Writer   ; 00:00:00     ; 1.0                     ; 4638 MB             ; 00:00:00                           ;
; Total                ; 00:00:15     ; --                      ; --                  ; 00:00:25                           ;
+----------------------+--------------+-------------------------+---------------------+------------------------------------+


+------------------------------------------------------------------------------------+
; Flow OS Summary                                                                    ;
+----------------------+------------------+------------+------------+----------------+
; Module Name          ; Machine Hostname ; OS Name    ; OS Version ; Processor type ;
+----------------------+------------------+------------+------------+----------------+
; Analysis & Synthesis ; LAPTOP-3BKEAT28  ; Windows 10 ; 10.0       ; x86_64         ;
; Fitter               ; LAPTOP-3BKEAT28  ; Windows 10 ; 10.0       ; x86_64         ;
; Assembler            ; LAPTOP-3BKEAT28  ; Windows 10 ; 10.0       ; x86_64         ;
; Timing Analyzer      ; LAPTOP-3BKEAT28  ; Windows 10 ; 10.0       ; x86_64         ;
; EDA Netlist Writer   ; LAPTOP-3BKEAT28  ; Windows 10 ; 10.0       ; x86_64         ;
+----------------------+------------------+------------+------------+----------------+


------------
; Flow Log ;
------------
quartus_map --read_settings_files=on --write_settings_files=off seq_ckt -c seq_ckt
quartus_fit --read_settings_files=off --write_settings_files=off seq_ckt -c seq_ckt
quartus_asm --read_settings_files=off --write_settings_files=off seq_ckt -c seq_ckt
quartus_sta seq_ckt -c seq_ckt
quartus_eda --read_settings_files=off --write_settings_files=off seq_ckt -c seq_ckt



