Analysis & Synthesis report for uart
Sun Nov 28 19:03:28 2021
Quartus Prime Version 19.1.0 Build 670 09/22/2019 SJ Lite Edition


---------------------
; Table of Contents ;
---------------------
  1. Legal Notice
  2. Analysis & Synthesis Summary
  3. Analysis & Synthesis Settings
  4. Parallel Compilation
  5. Analysis & Synthesis Source Files Read
  6. Analysis & Synthesis Resource Usage Summary
  7. Analysis & Synthesis Resource Utilization by Entity
  8. State Machine - |uart|current_bit_state
  9. State Machine - |uart|next_bit_state
 10. State Machine - |uart|current_state
 11. Registers Removed During Synthesis
 12. General Register Statistics
 13. Inverted Register Statistics
 14. Multiplexer Restructuring Statistics (Restructuring Performed)
 15. Parameter Settings for User Entity Instance: Top-level Entity: |uart
 16. Post-Synthesis Netlist Statistics for Top Partition
 17. Elapsed Time Per Partition
 18. Analysis & Synthesis Messages



----------------
; Legal Notice ;
----------------
Copyright (C) 2019  Intel Corporation. All rights reserved.
Your use of Intel Corporation's design tools, logic functions 
and other software and tools, and any partner logic 
functions, and any output files from any of the foregoing 
(including device programming or simulation files), and any 
associated documentation or information are expressly subject 
to the terms and conditions of the Intel Program License 
Subscription Agreement, the Intel Quartus Prime License Agreement,
the Intel FPGA IP License Agreement, or other applicable license
agreement, including, without limitation, that your use is for
the sole purpose of programming logic devices manufactured by
Intel and sold by Intel or its authorized distributors.  Please
refer to the applicable agreement for further details, at
https://fpgasoftware.intel.com/eula.



+----------------------------------------------------------------------------------+
; Analysis & Synthesis Summary                                                     ;
+------------------------------------+---------------------------------------------+
; Analysis & Synthesis Status        ; Successful - Sun Nov 28 19:03:28 2021       ;
; Quartus Prime Version              ; 19.1.0 Build 670 09/22/2019 SJ Lite Edition ;
; Revision Name                      ; uart                                        ;
; Top-level Entity Name              ; uart                                        ;
; Family                             ; Cyclone IV E                                ;
; Total logic elements               ; 62                                          ;
;     Total combinational functions  ; 58                                          ;
;     Dedicated logic registers      ; 31                                          ;
; Total registers                    ; 31                                          ;
; Total pins                         ; 2                                           ;
; Total virtual pins                 ; 0                                           ;
; Total memory bits                  ; 0                                           ;
; Embedded Multiplier 9-bit elements ; 0                                           ;
; Total PLLs                         ; 0                                           ;
+------------------------------------+---------------------------------------------+


+------------------------------------------------------------------------------------------------------------+
; Analysis & Synthesis Settings                                                                              ;
+------------------------------------------------------------------+--------------------+--------------------+
; Option                                                           ; Setting            ; Default Value      ;
+------------------------------------------------------------------+--------------------+--------------------+
; Device                                                           ; EP4CE22F17C6       ;                    ;
; Top-level entity name                                            ; uart               ; uart               ;
; Family name                                                      ; Cyclone IV E       ; Cyclone V          ;
; Use smart compilation                                            ; Off                ; Off                ;
; Enable parallel Assembler and Timing Analyzer during compilation ; On                 ; On                 ;
; Enable compact report table                                      ; Off                ; Off                ;
; Restructure Multiplexers                                         ; Auto               ; Auto               ;
; Create Debugging Nodes for IP Cores                              ; Off                ; Off                ;
; Preserve fewer node names                                        ; On                 ; On                 ;
; Intel FPGA IP Evaluation Mode                                    ; Enable             ; Enable             ;
; Verilog Version                                                  ; Verilog_2001       ; Verilog_2001       ;
; VHDL Version                                                     ; VHDL_1993          ; VHDL_1993          ;
; State Machine Processing                                         ; Auto               ; Auto               ;
; Safe State Machine                                               ; Off                ; Off                ;
; Extract Verilog State Machines                                   ; On                 ; On                 ;
; Extract VHDL State Machines                                      ; On                 ; On                 ;
; Ignore Verilog initial constructs                                ; Off                ; Off                ;
; Iteration limit for constant Verilog loops                       ; 5000               ; 5000               ;
; Iteration limit for non-constant Verilog loops                   ; 250                ; 250                ;
; Add Pass-Through Logic to Inferred RAMs                          ; On                 ; On                 ;
; Infer RAMs from Raw Logic                                        ; On                 ; On                 ;
; Parallel Synthesis                                               ; On                 ; On                 ;
; DSP Block Balancing                                              ; Auto               ; Auto               ;
; NOT Gate Push-Back                                               ; On                 ; On                 ;
; Power-Up Don't Care                                              ; On                 ; On                 ;
; Remove Redundant Logic Cells                                     ; Off                ; Off                ;
; Remove Duplicate Registers                                       ; On                 ; On                 ;
; Ignore CARRY Buffers                                             ; Off                ; Off                ;
; Ignore CASCADE Buffers                                           ; Off                ; Off                ;
; Ignore GLOBAL Buffers                                            ; Off                ; Off                ;
; Ignore ROW GLOBAL Buffers                                        ; Off                ; Off                ;
; Ignore LCELL Buffers                                             ; Off                ; Off                ;
; Ignore SOFT Buffers                                              ; On                 ; On                 ;
; Limit AHDL Integers to 32 Bits                                   ; Off                ; Off                ;
; Optimization Technique                                           ; Balanced           ; Balanced           ;
; Carry Chain Length                                               ; 70                 ; 70                 ;
; Auto Carry Chains                                                ; On                 ; On                 ;
; Auto Open-Drain Pins                                             ; On                 ; On                 ;
; Perform WYSIWYG Primitive Resynthesis                            ; Off                ; Off                ;
; Auto ROM Replacement                                             ; On                 ; On                 ;
; Auto RAM Replacement                                             ; On                 ; On                 ;
; Auto DSP Block Replacement                                       ; On                 ; On                 ;
; Auto Shift Register Replacement                                  ; Auto               ; Auto               ;
; Allow Shift Register Merging across Hierarchies                  ; Auto               ; Auto               ;
; Auto Clock Enable Replacement                                    ; On                 ; On                 ;
; Strict RAM Replacement                                           ; Off                ; Off                ;
; Allow Synchronous Control Signals                                ; On                 ; On                 ;
; Force Use of Synchronous Clear Signals                           ; Off                ; Off                ;
; Auto RAM Block Balancing                                         ; On                 ; On                 ;
; Auto RAM to Logic Cell Conversion                                ; Off                ; Off                ;
; Auto Resource Sharing                                            ; Off                ; Off                ;
; Allow Any RAM Size For Recognition                               ; Off                ; Off                ;
; Allow Any ROM Size For Recognition                               ; Off                ; Off                ;
; Allow Any Shift Register Size For Recognition                    ; Off                ; Off                ;
; Use LogicLock Constraints during Resource Balancing              ; On                 ; On                 ;
; Ignore translate_off and synthesis_off directives                ; Off                ; Off                ;
; Timing-Driven Synthesis                                          ; On                 ; On                 ;
; Report Parameter Settings                                        ; On                 ; On                 ;
; Report Source Assignments                                        ; On                 ; On                 ;
; Report Connectivity Checks                                       ; On                 ; On                 ;
; Ignore Maximum Fan-Out Assignments                               ; Off                ; Off                ;
; Synchronization Register Chain Length                            ; 2                  ; 2                  ;
; Power Optimization During Synthesis                              ; Normal compilation ; Normal compilation ;
; HDL message level                                                ; Level2             ; Level2             ;
; Suppress Register Optimization Related Messages                  ; Off                ; Off                ;
; Number of Removed Registers Reported in Synthesis Report         ; 5000               ; 5000               ;
; Number of Swept Nodes Reported in Synthesis Report               ; 5000               ; 5000               ;
; Number of Inverted Registers Reported in Synthesis Report        ; 100                ; 100                ;
; Clock MUX Protection                                             ; On                 ; On                 ;
; Auto Gated Clock Conversion                                      ; Off                ; Off                ;
; Block Design Naming                                              ; Auto               ; Auto               ;
; SDC constraint protection                                        ; Off                ; Off                ;
; Synthesis Effort                                                 ; Auto               ; Auto               ;
; Shift Register Replacement - Allow Asynchronous Clear Signal     ; On                 ; On                 ;
; Pre-Mapping Resynthesis Optimization                             ; Off                ; Off                ;
; Analysis & Synthesis Message Level                               ; Medium             ; Medium             ;
; Disable Register Merging Across Hierarchies                      ; Auto               ; Auto               ;
; Resource Aware Inference For Block RAM                           ; On                 ; On                 ;
+------------------------------------------------------------------+--------------------+--------------------+


+------------------------------------------+
; Parallel Compilation                     ;
+----------------------------+-------------+
; Processors                 ; Number      ;
+----------------------------+-------------+
; Number detected on machine ; 8           ;
; Maximum allowed            ; 4           ;
;                            ;             ;
; Average used               ; 1.00        ;
; Maximum used               ; 4           ;
;                            ;             ;
; Usage by Processor         ; % Time Used ;
;     Processor 1            ; 100.0%      ;
;     Processors 2-4         ;   0.0%      ;
+----------------------------+-------------+


+-----------------------------------------------------------------------------------------------------------------------+
; Analysis & Synthesis Source Files Read                                                                                ;
+----------------------------------+-----------------+------------------------+-------------------------------+---------+
; File Name with User-Entered Path ; Used in Netlist ; File Type              ; File Name with Absolute Path  ; Library ;
+----------------------------------+-----------------+------------------------+-------------------------------+---------+
; uart.v                           ; yes             ; User Verilog HDL File  ; E:/task 2/task 2b/uart/uart.v ;         ;
+----------------------------------+-----------------+------------------------+-------------------------------+---------+


+-------------------------------------------------------------+
; Analysis & Synthesis Resource Usage Summary                 ;
+---------------------------------------------+---------------+
; Resource                                    ; Usage         ;
+---------------------------------------------+---------------+
; Estimated Total logic elements              ; 62            ;
;                                             ;               ;
; Total combinational functions               ; 58            ;
; Logic element usage by number of LUT inputs ;               ;
;     -- 4 input functions                    ; 24            ;
;     -- 3 input functions                    ; 5             ;
;     -- <=2 input functions                  ; 29            ;
;                                             ;               ;
; Logic elements by mode                      ;               ;
;     -- normal mode                          ; 49            ;
;     -- arithmetic mode                      ; 9             ;
;                                             ;               ;
; Total registers                             ; 31            ;
;     -- Dedicated logic registers            ; 31            ;
;     -- I/O registers                        ; 0             ;
;                                             ;               ;
; I/O pins                                    ; 2             ;
;                                             ;               ;
; Embedded Multiplier 9-bit elements          ; 0             ;
;                                             ;               ;
; Maximum fan-out node                        ; clk_50M~input ;
; Maximum fan-out                             ; 31            ;
; Total fan-out                               ; 237           ;
; Average fan-out                             ; 2.55          ;
+---------------------------------------------+---------------+


+----------------------------------------------------------------------------------------------------------------------------------------------------------------------------------------------------------+
; Analysis & Synthesis Resource Utilization by Entity                                                                                                                                                      ;
+----------------------------+---------------------+---------------------------+-------------+--------------+---------+-----------+------+--------------+---------------------+-------------+--------------+
; Compilation Hierarchy Node ; Combinational ALUTs ; Dedicated Logic Registers ; Memory Bits ; DSP Elements ; DSP 9x9 ; DSP 18x18 ; Pins ; Virtual Pins ; Full Hierarchy Name ; Entity Name ; Library Name ;
+----------------------------+---------------------+---------------------------+-------------+--------------+---------+-----------+------+--------------+---------------------+-------------+--------------+
; |uart                      ; 58 (58)             ; 31 (31)                   ; 0           ; 0            ; 0       ; 0         ; 2    ; 0            ; |uart               ; uart        ; work         ;
+----------------------------+---------------------+---------------------------+-------------+--------------+---------+-----------+------+--------------+---------------------+-------------+--------------+
Note: For table entries with two numbers listed, the numbers in parentheses indicate the number of resources of the given type used by the specific entity alone. The numbers listed outside of parentheses indicate the total resources of the given type used by the specific entity and all of its sub-entities in the hierarchy.


Encoding Type:  One-Hot
+-----------------------------------------------------------------------------------------------------------------------------------------------+
; State Machine - |uart|current_bit_state                                                                                                       ;
+-------------------------+-------------------------+----------------------+----------------------+----------------------+----------------------+
; Name                    ; current_bit_state.clean ; current_bit_state.s2 ; current_bit_state.s1 ; current_bit_state.s0 ; current_bit_state.s3 ;
+-------------------------+-------------------------+----------------------+----------------------+----------------------+----------------------+
; current_bit_state.s0    ; 0                       ; 0                    ; 0                    ; 0                    ; 0                    ;
; current_bit_state.s1    ; 0                       ; 0                    ; 1                    ; 1                    ; 0                    ;
; current_bit_state.s2    ; 0                       ; 1                    ; 0                    ; 1                    ; 0                    ;
; current_bit_state.clean ; 1                       ; 0                    ; 0                    ; 1                    ; 0                    ;
; current_bit_state.s3    ; 0                       ; 0                    ; 0                    ; 1                    ; 1                    ;
+-------------------------+-------------------------+----------------------+----------------------+----------------------+----------------------+


Encoding Type:  One-Hot
+---------------------------------------------------------------------------------------------------------+
; State Machine - |uart|next_bit_state                                                                    ;
+----------------------+----------------------+-------------------+-------------------+-------------------+
; Name                 ; next_bit_state.clean ; next_bit_state.s2 ; next_bit_state.s1 ; next_bit_state.s3 ;
+----------------------+----------------------+-------------------+-------------------+-------------------+
; next_bit_state.s1    ; 0                    ; 0                 ; 0                 ; 0                 ;
; next_bit_state.s2    ; 0                    ; 1                 ; 1                 ; 0                 ;
; next_bit_state.clean ; 1                    ; 0                 ; 1                 ; 0                 ;
; next_bit_state.s3    ; 0                    ; 0                 ; 1                 ; 1                 ;
+----------------------+----------------------+-------------------+-------------------+-------------------+


Encoding Type:  One-Hot
+--------------------------------------------------------------------------------------------------------------------------+
; State Machine - |uart|current_state                                                                                      ;
+-------------------------+------------------------+------------------------+-------------------------+--------------------+
; Name                    ; current_state.stop_bit ; current_state.data_bit ; current_state.start_bit ; current_state.idle ;
+-------------------------+------------------------+------------------------+-------------------------+--------------------+
; current_state.idle      ; 0                      ; 0                      ; 0                       ; 0                  ;
; current_state.start_bit ; 0                      ; 0                      ; 1                       ; 1                  ;
; current_state.data_bit  ; 0                      ; 1                      ; 0                       ; 1                  ;
; current_state.stop_bit  ; 1                      ; 0                      ; 0                       ; 1                  ;
+-------------------------+------------------------+------------------------+-------------------------+--------------------+


+---------------------------------------------------------------------------------+
; Registers Removed During Synthesis                                              ;
+----------------------------------------+----------------------------------------+
; Register name                          ; Reason for Removal                     ;
+----------------------------------------+----------------------------------------+
; current_bit[3]                         ; Merged with current_bit[2]             ;
; current_bit[7]                         ; Stuck at GND due to stuck port data_in ;
; current_bit[0]                         ; Stuck at VCC due to stuck port data_in ;
; current_bit[5]                         ; Merged with current_bit[6]             ;
; current_bit[2]                         ; Merged with current_bit[4]             ;
; current_bit_state~3                    ; Lost fanout                            ;
; current_bit_state~4                    ; Lost fanout                            ;
; current_bit_state~6                    ; Lost fanout                            ;
; next_bit_state~6                       ; Lost fanout                            ;
; next_bit_state~7                       ; Lost fanout                            ;
; next_bit_state~9                       ; Lost fanout                            ;
; current_state~6                        ; Lost fanout                            ;
; current_state~7                        ; Lost fanout                            ;
; current_state~8                        ; Lost fanout                            ;
; current_state~9                        ; Lost fanout                            ;
; Total Number of Removed Registers = 15 ;                                        ;
+----------------------------------------+----------------------------------------+


+------------------------------------------------------+
; General Register Statistics                          ;
+----------------------------------------------+-------+
; Statistic                                    ; Value ;
+----------------------------------------------+-------+
; Total registers                              ; 31    ;
; Number of registers using Synchronous Clear  ; 0     ;
; Number of registers using Synchronous Load   ; 0     ;
; Number of registers using Asynchronous Clear ; 0     ;
; Number of registers using Asynchronous Load  ; 0     ;
; Number of registers using Clock Enable       ; 10    ;
; Number of registers using Preset             ; 0     ;
+----------------------------------------------+-------+


+--------------------------------------------------+
; Inverted Register Statistics                     ;
+----------------------------------------+---------+
; Inverted Register                      ; Fan out ;
+----------------------------------------+---------+
; tx_dv                                  ; 1       ;
; Total number of inverted registers = 1 ;         ;
+----------------------------------------+---------+


+------------------------------------------------------------------------------------------------------------------------------------------+
; Multiplexer Restructuring Statistics (Restructuring Performed)                                                                           ;
+--------------------+-----------+---------------+----------------------+------------------------+------------+----------------------------+
; Multiplexer Inputs ; Bus Width ; Baseline Area ; Area if Restructured ; Saving if Restructured ; Registered ; Example Multiplexer Output ;
+--------------------+-----------+---------------+----------------------+------------------------+------------+----------------------------+
; 5:1                ; 6 bits    ; 18 LEs        ; 12 LEs               ; 6 LEs                  ; Yes        ; |uart|current_bit[6]       ;
; 3:1                ; 4 bits    ; 8 LEs         ; 8 LEs                ; 0 LEs                  ; No         ; |uart|bit_index            ;
+--------------------+-----------+---------------+----------------------+------------------------+------------+----------------------------+


+----------------------------------------------------------------------+
; Parameter Settings for User Entity Instance: Top-level Entity: |uart ;
+----------------+-------+---------------------------------------------+
; Parameter Name ; Value ; Type                                        ;
+----------------+-------+---------------------------------------------+
; idle           ; 0000  ; Unsigned Binary                             ;
; start_bit      ; 0001  ; Unsigned Binary                             ;
; data_bit       ; 0010  ; Unsigned Binary                             ;
; stop_bit       ; 0011  ; Unsigned Binary                             ;
; clean          ; 0111  ; Unsigned Binary                             ;
; s0             ; 0100  ; Unsigned Binary                             ;
; s1             ; 0101  ; Unsigned Binary                             ;
; s2             ; 0110  ; Unsigned Binary                             ;
; s3             ; 1000  ; Unsigned Binary                             ;
+----------------+-------+---------------------------------------------+
Note: In order to hide this table in the UI and the text report file, please set the "Show Parameter Settings in Synthesis Report" option in "Analysis and Synthesis Settings -> More Settings" to "Off".


+-----------------------------------------------------+
; Post-Synthesis Netlist Statistics for Top Partition ;
+-----------------------+-----------------------------+
; Type                  ; Count                       ;
+-----------------------+-----------------------------+
; boundary_port         ; 2                           ;
; cycloneiii_ff         ; 31                          ;
;     ENA               ; 10                          ;
;     plain             ; 21                          ;
; cycloneiii_lcell_comb ; 58                          ;
;     arith             ; 9                           ;
;         2 data inputs ; 9                           ;
;     normal            ; 49                          ;
;         1 data inputs ; 6                           ;
;         2 data inputs ; 14                          ;
;         3 data inputs ; 5                           ;
;         4 data inputs ; 24                          ;
;                       ;                             ;
; Max LUT depth         ; 7.00                        ;
; Average LUT depth     ; 4.41                        ;
+-----------------------+-----------------------------+


+-------------------------------+
; Elapsed Time Per Partition    ;
+----------------+--------------+
; Partition Name ; Elapsed Time ;
+----------------+--------------+
; Top            ; 00:00:00     ;
+----------------+--------------+


+-------------------------------+
; Analysis & Synthesis Messages ;
+-------------------------------+
Info: *******************************************************************
Info: Running Quartus Prime Analysis & Synthesis
    Info: Version 19.1.0 Build 670 09/22/2019 SJ Lite Edition
    Info: Processing started: Sun Nov 28 19:03:20 2021
Info: Command: quartus_map --read_settings_files=on --write_settings_files=off uart -c uart
Warning (18236): Number of processors has not been specified which may cause overloading on shared machines.  Set the global assignment NUM_PARALLEL_PROCESSORS in your QSF to an appropriate value for best performance.
Info (20030): Parallel compilation is enabled and will use 4 of the 4 processors detected
Info (12021): Found 1 design units, including 1 entities, in source file uart.v
    Info (12023): Found entity 1: uart File: E:/task 2/task 2b/uart/uart.v Line: 21
Info (12127): Elaborating entity "uart" for the top level hierarchy
Warning (10230): Verilog HDL assignment warning at uart.v(53): truncated value with size 32 to match size of target (10) File: E:/task 2/task 2b/uart/uart.v Line: 53
Warning (10230): Verilog HDL assignment warning at uart.v(57): truncated value with size 32 to match size of target (4) File: E:/task 2/task 2b/uart/uart.v Line: 57
Warning (10230): Verilog HDL assignment warning at uart.v(135): truncated value with size 32 to match size of target (1) File: E:/task 2/task 2b/uart/uart.v Line: 135
Info (286030): Timing-Driven Synthesis is running
Info (17049): 10 registers lost all their fanouts during netlist optimizations.
Info (16010): Generating hard_block partition "hard_block:auto_generated_inst"
    Info (16011): Adding 0 node(s), including 0 DDIO, 0 PLL, 0 transceiver and 0 LCELL
Info (21057): Implemented 73 device resources after synthesis - the final resource count might be different
    Info (21058): Implemented 1 input pins
    Info (21059): Implemented 1 output pins
    Info (21061): Implemented 71 logic cells
Info: Quartus Prime Analysis & Synthesis was successful. 0 errors, 4 warnings
    Info: Peak virtual memory: 4759 megabytes
    Info: Processing ended: Sun Nov 28 19:03:28 2021
    Info: Elapsed time: 00:00:08
    Info: Total CPU time (on all processors): 00:00:20


